<?xml version="1.0" encoding="UTF-8"?>
<!-- Generated by org.testng.reporters.JUnitReportReporter -->
<testsuite hostname="BHARATH" failures="0" tests="1" name="tet.orange1" time="7.232" errors="0" timestamp="2023-12-26T11:34:11 IST" skipped="0">
  <testcase classname="tet.orange1" name="ma1" time="7.232"/>
</testsuite> <!-- tet.orange1 -->
