<?xml version="1.0" encoding="UTF-8"?>
<!-- Generated by org.testng.reporters.JUnitReportReporter -->
<testsuite hostname="BHARATH" failures="0" tests="1" name="testng.practice" time="0.007" errors="0" timestamp="2023-12-20T11:20:19 IST" skipped="0">
  <testcase classname="testng.practice" name="test" time="0.007"/>
</testsuite> <!-- testng.practice -->
